-rwxrwxr-x 1 safreviv safreviv   2143 abr 18  2012 RETC12.4gl
-rwxrwxr-x 1 safreviv safreviv   3149 abr 18  2012 RETE01.4gl
-rwxrwxr-x 1 safreviv safreviv   2160 abr 18  2012 RETL32.4gl
-rwxrwxr-x 1 safreviv safreviv   3128 abr 18  2012 RETE02.4gl
-rwxrwxr-x 1 safreviv safreviv   2102 abr 18  2012 RETC32.4gl
-rwxrwxr-x 1 safreviv safreviv   2292 abr 18  2012 RETC31.4gl
-rwxrwxr-x 1 safreviv safreviv   3253 abr 18  2012 RETR63.4gl
-rwxrwxr-x 1 safreviv safreviv   2141 abr 18  2012 RETL52.4gl
-rwxrwxr-x 1 safreviv safreviv   3131 abr 18  2012 RETE03.4gl
-rwxrwxr-x 1 safreviv safreviv  49047 abr 21  2012 RETC01.4gl
-rwxrwxr-x 1 safreviv safreviv   2156 abr 30  2012 RETL12.4gl
-rwxrwxr-x 1 safreviv safreviv  19495 may  2  2012 RETS20.4gl
-rwxrwxr-x 1 safreviv safreviv  15501 may  2  2012 RETS30.4gl
-rwxrwxr-x 1 safreviv safreviv   5564 may  3  2012 RETR65.4gl
-rwxrwxr-x 1 safreviv safreviv   4016 may  3  2012 RETR45.4gl
-rwxrwxr-x 1 safreviv safreviv  20758 may  7  2012 RETS10.4gl
-rwxrwxr-x 1 safreviv safreviv   5889 may 24  2012 RETR40.4gl
-rwxrwxr-x 1 safreviv safreviv   4295 may 24  2012 RETR41.4gl
-rwxrwxr-x 1 safreviv safreviv   3181 may 24  2012 RETR43.4gl
-rwxrwxr-x 1 safreviv safreviv   4250 may 24  2012 RETR61.4gl
-rwxrwxr-x 1 safreviv safreviv   2700 may 24  2012 RETR64.4gl
-rwxrwxr-x 1 safreviv safreviv   9525 may 25  2012 RETL53.4gl
-rwxrwxr-x 1 safreviv safreviv   2332 may 28  2012 RETC11.4gl
-rwxrwxr-x 1 safreviv safreviv  11596 may 29  2012 RETWL03.4gl
-rwxrwxr-x 1 safreviv safreviv   4607 may 29  2012 RETR02.4gl
-rwxrwxr-x 1 safreviv safreviv   4140 may 29  2012 RETR01.4gl
-rwxrwxr-x 1 safreviv safreviv  11918 jun  1  2012 RETWL02.4gl
-rwxrwxr-x 1 safreviv safreviv   7032 jun  2  2012 RETL03.4gl
-rwxrwxr-x 1 safreviv safreviv   9373 jun 18  2012 RETL09.4gl
-rwxrwxr-x 1 safreviv safreviv  11613 jun 20  2012 RETS04.4gl
-rwxrwxr-x 1 safreviv safreviv   2279 jun 29  2012 RETL02.4gl
-rwxrwxr-x 1 safreviv safreviv   2336 jul  2  2012 RETC71.4gl
-rwxrwxr-x 1 safreviv safreviv   2277 jul  2  2012 RETC51.4gl
-rwxrwxr-x 1 safreviv safreviv   2083 jul  2  2012 RETC52.4gl
-rwxrwxr-x 1 safreviv safreviv   2188 jul  2  2012 RETC72.4gl
-rwxrwxr-x 1 safreviv safreviv   7650 jul  2  2012 RETL01.4gl
-rwxrwxr-x 1 safreviv safreviv   9685 jul  2  2012 RETL73.4gl
-rwxrwxr-x 1 safreviv safreviv   2166 jul  2  2012 RETL72.4gl
-rwxrwxr-x 1 safreviv safreviv   2692 jul  2  2012 RETE70.4gl
-rwxrwxr-x 1 safreviv safreviv   5527 jul  2  2012 RETP71.4gl
-rwxrwxr-x 1 safreviv safreviv   5245 jul  2  2012 RETP70.4gl
-rwxrwxr-x 1 safreviv safreviv   9558 jul  2  2012 RETL71.4gl
-rwxrwxr-x 1 safreviv safreviv   2734 jul  3  2012 RETR84.4gl
-rwxrwxr-x 1 safreviv safreviv   3253 jul  3  2012 RETR83.4gl
-rwxrwxr-x 1 safreviv safreviv  55678 jul  3  2012 RETF04.4gl
-rwxrwxr-x 1 safreviv safreviv   4041 jul  3  2012 RETR81.4gl
-rwxrwxr-x 1 safreviv safreviv   3221 jul  3  2012 RETR80.4gl
-rwxrwxr-x 1 safreviv safreviv  10461 jul  3  2012 RETS74.4gl
-rwxrwxr-x 1 safreviv safreviv   2763 jul 10  2012 RETR15.4gl
-rwxrwxr-x 1 safreviv safreviv   7807 jul 17  2012 RETWE05.4gl
-rwxrwxr-x 1 safreviv safreviv   8466 jul 17  2012 RETL15.4gl
-rwxrwxr-x 1 safreviv safreviv   7764 jul 17  2012 RETWE02.4gl
-rwxrwxr-x 1 safreviv safreviv   6850 ago  3  2012 RETP01.4gl
-rwxrwxr-x 1 safreviv safreviv  10050 ago  3  2012 RETL04.4gl
-rwxrwxr-x 1 safreviv safreviv  10830 ago 27  2012 RETWC01.4gl
-rwxrwxr-x 1 safreviv safreviv   7850 ago 31  2012 RETL05_1.4gl
-rwxrwxr-x 1 safreviv safreviv  18283 sep  5  2012 RETWE01.4gl
-rwxrwxr-x 1 safreviv safreviv   9927 sep 12  2012 RETL51.4gl
-rwxrwxr-x 1 safreviv safreviv  12027 sep 20  2012 RETWE04.4gl
-rwxrwxr-x 1 safreviv safreviv  11572 sep 20  2012 RETWEL04.4gl
-rwxrwxr-x 1 safreviv safreviv  51216 sep 20  2012 RETWE03.4gl
-rwxrwxr-x 1 safreviv safreviv   2121 sep 25  2012 RETC152.4gl
-rwxrwxr-x 1 safreviv safreviv   2311 sep 25  2012 RETC151.4gl
-rwxrwxr-x 1 safreviv safreviv   2579 sep 25  2012 RETE150.4gl
-rwxrwxr-x 1 safreviv safreviv   2185 sep 25  2012 RETL152.4gl
-rwxrwxr-x 1 safreviv safreviv  15224 sep 28  2012 RETL10.4gl
-rwxrwxr-x 1 safreviv safreviv  13780 sep 29  2012 RETF06.4gl
-rwxrwxr-x 1 safreviv safreviv  31203 oct  2  2012 RETC100.4gl
-rwxrwxr-x 1 safreviv safreviv   4073 oct  4  2012 RETR03.4gl
-rwxrwxr-x 1 safreviv safreviv  10172 oct  4  2012 RETL111_new.4gl
-rwxrwxr-x 1 safreviv safreviv   8395 oct  4  2012 RETL122.4gl
-rwxrwxr-x 1 safreviv safreviv   3267 oct  5  2012 RETR23.4gl
-rwxrwxr-x 1 safreviv safreviv   7149 oct  8  2012 RETL07.4gl
-rwxrwxr-x 1 safreviv safreviv   2972 oct  9  2012 RETL132.4gl
-rwxrwxr-x 1 safreviv safreviv   2868 oct 10  2012 RETR142.4gl
-rwxrwxr-x 1 safreviv safreviv   3276 oct 10  2012 RETR123.4gl
-rwxrwxr-x 1 safreviv safreviv  12936 oct 11  2012 RETWS_CONSULTA_DATAMART.4gl
-rwxrwxr-x 1 safreviv safreviv   6017 oct 11  2012 RETWS_CDATAMART.4gl
-rwxrwxr-x 1 safreviv safreviv   2304 oct 19  2012 RETC171.4gl
-rwxrwxr-x 1 safreviv safreviv   2110 oct 19  2012 RETC172.4gl
-rwxrwxr-x 1 safreviv safreviv   3273 oct 22  2012 RETR183.4gl
-rwxrwxr-x 1 safreviv safreviv   2161 oct 22  2012 RETL172.4gl
-rwxrwxr-x 1 safreviv safreviv   8036 oct 22  2012 RETL180.4gl
-rwxrwxr-x 1 safreviv safreviv  10151 oct 22  2012 RETL11.4gl
-rwxrwxr-x 1 safreviv safreviv   5649 oct 24  2012 RETR180.4gl
-rwxrwxr-x 1 safreviv safreviv   3066 oct 25  2012 RETR24.4gl
-rwxrwxr-x 1 safreviv safreviv   9610 oct 25  2012 RETL13.4gl
-rwxrwxr-x 1 safreviv safreviv   2689 oct 25  2012 RETR21.4gl
-rwxrwxr-x 1 safreviv safreviv   2671 oct 25  2012 RETR181.4gl
-rwxrwxr-x 1 safreviv safreviv  10133 oct 25  2012 RETL31.4gl
-rwxrwxr-x 1 safreviv safreviv   6510 oct 25  2012 RETR25.4gl
-rwxrwxr-x 1 safreviv safreviv   6516 oct 25  2012 RETR185.4gl
-rwxrwxr-x 1 safreviv safreviv   9621 oct 25  2012 RETL33.4gl
-rwxrwxr-x 1 safreviv safreviv   3129 oct 25  2012 RETR44.4gl
-rwxrwxr-x 1 safreviv safreviv  17474 oct 29  2012 RETC08.4gl
-rwxrwxr-x 1 safreviv safreviv   2601 oct 30  2012 RETE130.4gl
-rwxrwxr-x 1 safreviv safreviv  13336 oct 30  2012 RETGE02.4gl
-rwxrwxr-x 1 safreviv safreviv  11893 nov  1  2012 RETGEL06.4gl
-rwxrwxr-x 1 safreviv safreviv  12177 nov  5  2012 RETWEL05.4gl
-rwxrwxr-x 1 safreviv safreviv  11899 nov  5  2012 RETWEL06.4gl
-rwxrwxr-x 1 safreviv safreviv  11772 nov  5  2012 RETWEL08.4gl
-rwxrwxr-x 1 safreviv safreviv  13138 nov  5  2012 RETWEL09.4gl
-rwxrwxr-x 1 safreviv safreviv  11656 nov  5  2012 RETWEL07.4gl
-rwxrwxr-x 1 safreviv safreviv  11008 nov  5  2012 RETWE07.4gl
-rwxrwxr-x 1 safreviv safreviv  15014 nov  6  2012 RETL50.4gl
-rwxrwxr-x 1 safreviv safreviv  15114 nov  6  2012 RETL70.4gl
-rwxrwxr-x 1 safreviv safreviv  17361 nov  8  2012 RETW10.4gl
-rwxrwxr-x 1 safreviv safreviv  39119 nov 13  2012 RETX00.4gl
-rwxrwxr-x 1 safreviv safreviv  79042 nov 13  2012 RETC05_1.4gl
-rwxrwxr-x 1 safreviv safreviv   7010 nov 15  2012 RETL200.4gl
-rwxrwxr-x 1 safreviv safreviv   8644 nov 15  2012 RETL201.4gl
-rwxrwxr-x 1 safreviv safreviv   6655 nov 15  2012 RETP190.4gl
-rwxrwxr-x 1 safreviv safreviv   4006 nov 15  2012 RETR200.4gl
-rwxrwxr-x 1 safreviv safreviv   4485 nov 15  2012 RETR201.4gl
-rwxrwxr-x 1 safreviv safreviv   8628 nov 15  2012 RETL190.4gl
-rwxrwxr-x 1 safreviv safreviv  16168 nov 20  2012 RETWE09.4gl
-rwxrwxr-x 1 safreviv safreviv  20763 nov 22  2012 RETS184.4gl
-rwxrwxr-x 1 safreviv safreviv  41502 nov 23  2012 RETC05.4gl
-rwxrwxr-x 1 safreviv safreviv  41950 nov 23  2012 RETC04.4gl
-rwxrwxr-x 1 safreviv safreviv  43415 nov 23  2012 RETC03.4gl
-rwxrwxr-x 1 safreviv safreviv  78883 dic  5  2012 RETC07.4gl
-rwxrwxr-x 1 safreviv safreviv  74488 dic  5  2012 RETC06.4gl
-rwxrwxr-x 1 safreviv safreviv   3108 ene 23  2013 RETR120.4gl
-rwxrwxr-x 1 safreviv safreviv   8175 ene 24  2013 RETL111.4gl
-rwxrwxr-x 1 safreviv safreviv   4364 ene 24  2013 RETR121.4gl
-rwxrwxr-x 1 safreviv safreviv   9313 ene 24  2013 RETG03.4gl
-rwxrwxr-x 1 safreviv safreviv  15152 ene 25  2013 RETL30.4gl
-rwxrwxr-x 1 safreviv safreviv   3284 feb  6  2013 RETR60.4gl
-rwxrwxr-x 1 safreviv safreviv  25951 feb  6  2013 RETWE06.4gl
-rwxrwxr-x 1 safreviv safreviv   3843 feb  7  2013 RET_SOLICITUD_LEY73.4gl
-rwxrwxr-x 1 safreviv safreviv   2290 feb  8  2013 RET_CIERRA_SOL_LEY73.4gl
-rwxrwxr-x 1 safreviv safreviv  35103 feb  8  2013 RETW01.4gl
-rwxrwxr-x 1 safreviv safreviv   3129 mar  1  2013 RETR20.4gl
-rwxrwxr-x 1 safreviv safreviv  10141 mar  1  2013 RETL171.4gl
-rwxrwxr-x 1 safreviv safreviv   2499 mar  4  2013 RETR161.4gl
-rwxrwxr-x 1 safreviv safreviv   2929 mar  4  2013 RETR162.4gl
-rwxrwxr-x 1 safreviv safreviv   8053 mar 12  2013 RETL41.4gl
-rwxrwxr-x 1 safreviv safreviv   8056 mar 12  2013 RETL40.4gl
-rwxrwxr-x 1 safreviv safreviv   8558 mar 13  2013 RETL24.4gl
-rwxrwxr-x 1 safreviv safreviv   8352 mar 13  2013 RETL43.4gl
-rwxrwxr-x 1 safreviv safreviv   8305 mar 13  2013 RETL22.4gl
-rwxrwxr-x 1 safreviv safreviv   7968 mar 13  2013 RETL20.4gl
-rwxrwxr-x 1 safreviv safreviv   8464 mar 13  2013 RETL183.4gl
-rwxrwxr-x 1 safreviv safreviv   8081 mar 13  2013 RETL181.4gl
-rwxrwxr-x 1 safreviv safreviv   8394 mar 13  2013 RETL64.4gl
-rwxrwxr-x 1 safreviv safreviv   8414 mar 13  2013 RETL63.4gl
-rwxrwxr-x 1 safreviv safreviv   7982 mar 13  2013 RETL61.4gl
-rwxrwxr-x 1 safreviv safreviv   8001 mar 13  2013 RETL60.4gl
-rwxrwxr-x 1 safreviv safreviv   8059 mar 13  2013 RETL161.4gl
-rwxrwxr-x 1 safreviv safreviv   8081 mar 13  2013 RETL160.4gl
-rwxrwxr-x 1 safreviv safreviv   8416 mar 13  2013 RETL84.4gl
-rwxrwxr-x 1 safreviv safreviv   8394 mar 13  2013 RETL83.4gl
-rwxrwxr-x 1 safreviv safreviv   8291 mar 13  2013 RETL42.4gl
-rwxrwxr-x 1 safreviv safreviv   8356 mar 13  2013 RETL82.4gl
-rwxrwxr-x 1 safreviv safreviv   8021 mar 13  2013 RETL81.4gl
-rwxrwxr-x 1 safreviv safreviv   8025 mar 13  2013 RETL80.4gl
-rwxrwxr-x 1 safreviv safreviv  17241 mar 20  2013 RETG02.4gl
-rwxrwxr-x 1 safreviv safreviv   2522 mar 20  2013 RETL191.4gl
-rwxrwxr-x 1 safreviv safreviv   5388 mar 21  2013 RETP211.4gl
-rwxrwxr-x 1 safreviv safreviv   2299 mar 22  2013 RETL06.4gl
-rwxrwxr-x 1 safreviv safreviv   8065 abr  8  2013 RETL08.4gl
-rwxrwxr-x 1 safreviv safreviv   3514 abr  8  2013 RETR04.4gl
-rwxrwxr-x 1 safreviv safreviv   3064 abr 10  2013 RETR160.4gl
-rwxrwxr-x 1 safreviv safreviv   3205 abr 10  2013 RETR163.4gl
-rwxrwxr-x 1 safreviv safreviv  15181 abr 10  2013 RETL150.4gl
-rwxrwxr-x 1 safreviv safreviv   8267 abr 10  2013 RETL163.4gl
-rwxrwxr-x 1 safreviv safreviv  11945 abr 15  2013 RETX03.4gl
-rwxrwxr-x 1 safreviv safreviv   5572 abr 16  2013 RETP151.4gl
-rwxrwxr-x 1 safreviv safreviv   9587 abr 16  2013 RETL151.4gl
-rwxrwxr-x 1 safreviv safreviv  15225 may  2  2013 RETL170.4gl
-rwxrwxr-x 1 safreviv safreviv  28484 may  2  2013 RETC153.4gl
-rwxrwxr-x 1 safreviv safreviv   9697 jun 20  2013 RETS02.4gl
-rwxrwxr-x 1 safreviv safreviv  11888 jun 20  2013 RETS173.4gl
-rwxrwxr-x 1 safreviv safreviv  20705 jun 27  2013 RETF03.4gl
-rwxrwxr-x 1 safreviv safreviv  12718 jun 27  2013 RETX20.4gl
-rwxrwxr-x 1 safreviv safreviv   8232 jun 28  2013 RETL62.4gl
-rwxrwxr-x 1 safreviv safreviv   2151 jul  2  2013 RETL221.4gl
-rwxrwxr-x 1 safreviv safreviv   8474 jul  2  2013 RETL44.4gl
-rwxrwxr-x 1 safreviv safreviv  18642 jul  2  2013 RETF50.4gl
-rwxrwxr-x 1 safreviv safreviv   6557 jul  4  2013 RETP220.4gl
-rwxrwxr-x 1 safreviv safreviv   9053 jul  4  2013 RETL220.4gl
-rwxrwxr-x 1 safreviv safreviv  73305 jul  4  2013 RETW20.4gl
-rwxrwxr-x 1 safreviv safreviv   8524 jul 10  2013 RETL123.4gl
-rwxrwxr-x 1 safreviv safreviv  14386 jul 10  2013 RETL110.4gl
-rwxrwxr-x 1 safreviv safreviv   2647 jul 10  2013 RETE110.4gl
-rwxrwxr-x 1 safreviv safreviv   2119 jul 10  2013 RETL112.4gl
-rwxrwxr-x 1 safreviv safreviv   8677 jul 11  2013 RETL120.4gl
-rwxrwxr-x 1 safreviv safreviv   7631 jul 11  2013 RETL121.4gl
-rwxrwxr-x 1 safreviv safreviv   2636 jul 12  2013 RETWS01.4gl
-rwxrwxr-x 1 safreviv safreviv  19063 jul 15  2013 RETF01.4gl
-rwxrwxr-x 1 safreviv safreviv  18740 jul 15  2013 RETF170.4gl
-rwxrwxr-x 1 safreviv safreviv  18615 jul 15  2013 RETF30.4gl
-rwxrwxr-x 1 safreviv safreviv   2917 jul 18  2013 RETM01.4gl
-rwxrwxr-x 1 safreviv safreviv   5515 jul 19  2013 RETP05.4gl
-rwxrwxr-x 1 safreviv safreviv   7014 jul 22  2013 RET_SOLICITUD_FA_WS.4gl
-rwxrwxr-x 1 safreviv safreviv  70232 jul 22  2013 RETW03.4gl
-rwxrwxr-x 1 safreviv safreviv   3293 jul 25  2013 RETWS02.4gl
-rwxrwxr-x 1 safreviv safreviv  42855 jul 31  2013 RETC02.4gl
-rwxrwxr-x 1 safreviv safreviv   8911 ago  1  2013 RETF11.4gl
-rwxrwxr-x 1 safreviv safreviv   8840 ago  1  2013 RETF31.4gl
-rwxrwxr-x 1 safreviv safreviv   8574 ago  1  2013 RETF51.4gl
-rwxrwxr-x 1 safreviv safreviv   8828 ago  1  2013 RETF171.4gl
-rwxrwxr-x 1 safreviv safreviv  31318 ago  1  2013 RETX02.4gl
-rwxrwxr-x 1 safreviv safreviv  12501 ago  6  2013 RETX05.4gl
-rwxrwxr-x 1 safreviv safreviv   6585 ago  6  2013 RET_VALIDA_SOL_FA.4gl
-rwxrwxr-x 1 safreviv safreviv  25610 ago  6  2013 RETW05.4gl
-rwxrwxr-x 1 safreviv safreviv  12325 ago  6  2013 RETX04.4gl
-rwxrwxr-x 1 safreviv safreviv   1466 ago  6  2013 RET_APRUEBA_SOLICITUD_FA.4gl
-rwxrwxr-x 1 safreviv safreviv  12553 ago  8  2013 RETW04.4gl
-rwxrwxr-x 1 safreviv safreviv   8004 ago  9  2013 RETL240.4gl
-rwxrwxr-x 1 safreviv safreviv   8305 ago  9  2013 RETL241.4gl
-rwxrwxr-x 1 safreviv safreviv   2689 ago  9  2013 RETR240.4gl
-rwxrwxr-x 1 safreviv safreviv   2597 ago  9  2013 RETR241.4gl
-rwxrwxr-x 1 safreviv safreviv   7457 ago  9  2013 RETL230.4gl
-rwxrwxr-x 1 safreviv safreviv   2171 ago  9  2013 RETL231.4gl
-rwxrwxr-x 1 safreviv safreviv   2609 ago 12  2013 RETWS05.4gl
-rwxrwxr-x 1 safreviv safreviv   6840 ago 13  2013 RETWS06.4gl
-rwxrwxr-x 1 safreviv safreviv  11643 ago 19  2013 RET_CACRREDOR.4gl
-rwxrwxr-x 1 safreviv safreviv   1218 ago 19  2013 RET_CONSULTA_ACRREDOR.4gl
-rwxrwxr-x 1 safreviv safreviv  13940 ago 20  2013 RETP03.4gl
-rwxrwxr-x 1 safreviv safreviv   8497 ago 21  2013 RETL232.4gl
-rwxrwxr-x 1 safreviv safreviv   5536 ago 30  2013 RETP230.4gl
-rwxrwxr-x 1 safreviv safreviv   5447 ago 30  2013 RETP233.4gl
-rwxrwxr-x 1 safreviv safreviv   7482 ago 30  2013 RETL233.4gl
-rwxrwxr-x 1 safreviv safreviv   2202 ago 30  2013 RETL234.4gl
-rwxrwxr-x 1 safreviv safreviv   8302 sep  2  2013 RETL162.4gl
-rwxrwxr-x 1 safreviv safreviv  16799 sep  4  2013 RETMP02.4gl
-rwxrwxr-x 1 safreviv safreviv   7107 sep 12  2013 RETP10.4gl
-rwxrwxr-x 1 safreviv safreviv   6107 sep 12  2013 RETP170.4gl
-rwxrwxr-x 1 safreviv safreviv   6130 sep 12  2013 RETP30.4gl
-rwxrwxr-x 1 safreviv safreviv   5889 sep 12  2013 RETP50.4gl
-rwxrwxr-x 1 safreviv safreviv   6925 sep 13  2013 RETP111.4gl
-rwxrwxr-x 1 safreviv safreviv   7769 sep 26  2013 RETL142.4gl
-rwxrwxr-x 1 safreviv safreviv  14846 sep 26  2013 RETL211.4gl
-rwxrwxr-x 1 safreviv safreviv   8000 sep 30  2013 RETL21.4gl
-rwxrwxr-x 1 safreviv safreviv   8229 sep 30  2013 RETL131.4gl
-rwxrwxr-x 1 safreviv safreviv   5447 oct  7  2013 RETP253.4gl
-rwxrwxr-x 1 safreviv safreviv  11307 oct  7  2013 RETS05_20131007.4gl
-rwxrwxr-x 1 safreviv safreviv   9292 oct  7  2013 RETL14.4gl
-rwxrwxr-x 1 safreviv safreviv   8526 oct  7  2013 RETL16.4gl
-rwxrwxr-x 1 safreviv safreviv   9156 oct  7  2013 RETS05.4gl
-rwxrwxr-x 1 safreviv safreviv   2607 oct  7  2013 RETR16.4gl
-rwxrwxr-x 1 safreviv safreviv   1744 oct  7  2013 RETM05.4gl
-rwxrwxr-x 1 safreviv safreviv   1748 oct  7  2013 RETM06.4gl
-rwxrwxr-x 1 safreviv safreviv   2276 oct  8  2013 RETL251.4gl
-rwxrwxr-x 1 safreviv safreviv   8335 oct  8  2013 RETL261.4gl
-rwxrwxr-x 1 safreviv safreviv   2719 oct  8  2013 RETR260.4gl
-rwxrwxr-x 1 safreviv safreviv   8045 oct  9  2013 RETL260.4gl
-rwxrwxr-x 1 safreviv safreviv   2636 oct  9  2013 RETR261.4gl
-rwxrwxr-x 1 safreviv safreviv   2901 oct 16  2013 RETL256.4gl
-rwxrwxr-x 1 safreviv safreviv   7381 oct 16  2013 RETP291.4gl
-rwxrwxr-x 1 safreviv safreviv   2444 oct 16  2013 RETL292.4gl
-rwxrwxr-x 1 safreviv safreviv  11656 oct 17  2013 RETL257.4gl
-rwxrwxr-x 1 safreviv safreviv   2427 oct 18  2013 RETL294.4gl
-rwxrwxr-x 1 safreviv safreviv   9366 oct 18  2013 RETL293.4gl
-rwxrwxr-x 1 safreviv safreviv   9371 oct 18  2013 RETL291.4gl
-rwxrwxr-x 1 safreviv safreviv   2444 oct 18  2013 RETL296.4gl
-rwxrwxr-x 1 safreviv safreviv   9379 oct 18  2013 RETL297.4gl
-rwxrwxr-x 1 safreviv safreviv   2434 oct 18  2013 RETL298.4gl
-rwxrwxr-x 1 safreviv safreviv   7501 oct 18  2013 RETP297.4gl
-rwxrwxr-x 1 safreviv safreviv   7474 oct 18  2013 RETP293.4gl
-rwxrwxr-x 1 safreviv safreviv  19740 oct 24  2013 RETP232.4gl
-rwxrwxr-x 1 safreviv safreviv   8215 oct 25  2013 RETL272.4gl
-rwxrwxr-x 1 safreviv safreviv   2883 oct 25  2013 RETL258.4gl
-rwxrwxr-x 1 safreviv safreviv  11678 oct 25  2013 RETL259.4gl
-rwxrwxr-x 1 safreviv safreviv   2400 oct 30  2013 RETL301.4gl
-rwxrwxr-x 1 safreviv safreviv   9450 oct 30  2013 RETL295.4gl
-rwxrwxr-x 1 safreviv safreviv   9412 oct 30  2013 RETL300.4gl
-rwxrwxr-x 1 safreviv safreviv   8011 oct 31  2013 RETL273.4gl
-rwxrwxr-x 1 safreviv safreviv  33082 nov  1  2013 RETP02_20131101.4gl
-rwxrwxr-x 1 safreviv safreviv   2445 nov  8  2013 RETL309.4gl
-rwxrwxr-x 1 safreviv safreviv  10762 nov 11  2013 RETWE08.4gl
-rwxrwxr-x 1 safreviv safreviv   9544 nov 11  2013 RETC271.4gl
-rwxrwxr-x 1 safreviv safreviv   5499 nov 11  2013 RETP25.4gl
-rwxrwxr-x 1 safreviv safreviv   2105 nov 11  2013 RETL26.4gl
-rwxrwxr-x 1 safreviv safreviv   9364 nov 12  2013 RETL304.4gl
-rwxrwxr-x 1 safreviv safreviv  43995 nov 21  2013 RETC270_20131121.4gl
-rwxrwxr-x 1 safreviv safreviv  15699 nov 21  2013 RETP150.4gl
-rwxrwxr-x 1 safreviv safreviv   9937 nov 28  2013 RETL270.4gl
-rwxrwxr-x 1 safreviv safreviv   3099 nov 28  2013 RETL274.4gl
-rwxrwxr-x 1 safreviv safreviv  11851 nov 28  2013 RETL275.4gl
-rwxrwxr-x 1 safreviv safreviv  50616 nov 28  2013 RETW41.4gl
-rwxrwxr-x 1 safreviv safreviv   9486 nov 28  2013 RETL255.4gl
-rwxrwxr-x 1 safreviv safreviv  12846 nov 29  2013 RETP275.4gl
-rwxrwxr-x 1 safreviv safreviv  15250 dic  4  2013 RETL130.4gl
-rwxrwxr-x 1 safreviv safreviv   8164 dic  5  2013 RETL276.4gl
-rwxrwxr-x 1 safreviv safreviv  13205 dic 16  2013 RETP257.4gl
-rwxrwxr-x 1 safreviv safreviv   9766 dic 16  2013 RETP295.4gl
-rwxrwxr-x 1 safreviv safreviv  13324 dic 16  2013 RETP259.4gl
-rwxrwxr-x 1 safreviv safreviv   7517 dic 16  2013 RETP250.4gl
-rwxrwxr-x 1 safreviv safreviv   8337 dic 18  2013 RETL140.4gl
-rwxrwxr-x 1 safreviv safreviv   3408 dic 18  2013 RETR140.4gl
-rwxrwxr-x 1 safreviv safreviv   3352 dic 18  2013 RETR141.4gl
-rwxrwxr-x 1 safreviv safreviv   9388 dic 19  2013 RETL212.4gl
-rwxrwxr-x 1 safreviv safreviv   2152 dic 19  2013 RETL213.4gl
-rwxrwxr-x 1 safreviv safreviv   6417 dic 19  2013 RETP212.4gl
-rwxrwxr-x 1 safreviv safreviv   9323 ene  8  2014 RETF310_20140109.4gl
-rwxrwxr-x 1 safreviv safreviv   8883 ene 13  2014 RETL23.4gl
-rwxrwxr-x 1 safreviv safreviv 161081 ene 20  2014 RETW32_20140120.4gl
-rwxrwxr-x 1 safreviv safreviv   5895 ene 23  2014 RETP131.4gl
-rwxrwxr-x 1 safreviv safreviv   8666 ene 23  2014 RETL141.4gl
-rwxrwxr-x 1 safreviv safreviv  34970 ene 28  2014 RETP276.4gl
-rwxr--r-- 1 rperez   safreviv  45288 ene 28  2014 RETW40-20150605.4gl
-rwxrwxr-x 1 safreviv safreviv  20662 feb 14  2014 RETS174.4gl
-rwxrwxr-x 1 safreviv safreviv   9603 feb 14  2014 RETL173.4gl
-rwxrwxr-x 1 safreviv safreviv  85930 feb 19  2014 RETW30_20140219.4gl
-rwxrwxr-x 1 safreviv safreviv   8536 feb 21  2014 RETL143.4gl
-rwxrwxr-x 1 safreviv safreviv   4017 feb 21  2014 RETR22.4gl
-rwxrwxr-x 1 safreviv safreviv   4388 feb 21  2014 RETR42.4gl
-rwxrwxr-x 1 safreviv safreviv   3799 feb 21  2014 RETR62.4gl
-rwxrwxr-x 1 safreviv safreviv   3820 feb 21  2014 RETR82.4gl
-rwxrwxr-x 1 safreviv safreviv  71625 feb 24  2014 RETX30_20140225.4gl
-rwxrwxr-x 1 safreviv safreviv   7490 feb 27  2014 RETL05.4gl
-rwxrwxr-x 1 safreviv safreviv   7212 mar  4  2014 RETP300.4gl
-rwxrwxr-x 1 safreviv safreviv   2432 mar  4  2014 RETL303.4gl
-rwxrwxr-x 1 safreviv safreviv   2423 mar  4  2014 RETL305.4gl
-rwxrwxr-x 1 safreviv safreviv   9375 mar  5  2014 RETL302.4gl
-rwxrwxr-x 1 safreviv safreviv  83739 mar 10  2014 RETW30_20140310.4gl
-rwxrwxr-x 1 safreviv safreviv  86821 mar 11  2014 RETW30_20140311.4gl
-rwxrwxr-x 1 safreviv safreviv 171535 mar 11  2014 RETW32_20140311.4gl
-rwxrwxr-x 1 safreviv safreviv   7515 mar 11  2014 RETL25.4gl
-rwxrwxr-x 1 safreviv safreviv   9366 mar 13  2014 RETL306.4gl
-rwxrwxr-x 1 safreviv safreviv   2441 mar 13  2014 RETL307.4gl
-rwxrwxr-x 1 safreviv safreviv   9370 mar 13  2014 RETL308.4gl
-rwxrwxr-x 1 safreviv safreviv   7990 mar 13  2014 RETP306.4gl
-rwxrwxr-x 1 safreviv safreviv   9969 mar 18  2014 RETL310.4gl
-rwxrwxr-x 1 safreviv safreviv  21010 mar 19  2014 RETS310.4gl
-rwxrwxr-x 1 safreviv safreviv  85947 mar 21  2014 RETW30_20140321.4gl
-rwxrwxr-x 1 safreviv safreviv 169676 mar 21  2014 RETW32_20140321.4gl
-rwxrwxr-x 1 safreviv safreviv   2668 mar 27  2014 RETL210.4gl
-rwxrwxr-x 1 safreviv safreviv  18653 mar 27  2014 RETL311.4gl
-rwxrwxr-x 1 safreviv safreviv  14851 mar 28  2014 RETL312.4gl
-rwxrwxr-x 1 safreviv safreviv   1554 abr 23  2014 RETPROCESAR01.4gl
-rwxrwxr-x 1 safreviv safreviv  53808 abr 23  2014 RETP273.4gl
-rwxrwxr-x 1 safreviv safreviv   9032 abr 23  2014 RETPROCESAR02.4gl
-rwxrwxr-x 1 safreviv safreviv  10144 may  5  2014 RETR100.4gl
-rwxrwxr-x 1 safreviv safreviv   3186 may  6  2014 RETR263.4gl
-rwxrwxr-x 1 safreviv safreviv   7981 may  7  2014 RETL263.4gl
-rwxrwxr-x 1 safreviv safreviv   3161 may  7  2014 RETR262.4gl
-rwxrwxr-x 1 safreviv safreviv   8319 may  7  2014 RETL262.4gl
-rwxrwxr-x 1 safreviv safreviv  41560 may 27  2014 RETC272.4gl
-rwxrwxr-x 1 safreviv safreviv  12914 jun  6  2014 RETM02.4gl
-rwxrwxr-x 1 safreviv safreviv  35106 jun 18  2014 RETP02.4gl
-rwxrwxr-x 1 safreviv safreviv  15731 jun 19  2014 RETM04.4gl
-rwxrwxr-x 1 safreviv safreviv   9377 jun 26  2014 RET300.4gl
-rwxrwxr-x 1 safreviv safreviv  20955 jul  2  2014 RETW33 - SUBCTA12.4gl
-rwxrwxr-x 1 safreviv safreviv  18236 jul  2  2014 RETM03.4gl
-rwxrwxr-x 1 safreviv safreviv  84902 jul  2  2014 RETW30-140704.4gl
-rwxrwxr-x 1 safreviv safreviv  22291 jul  7  2014 RETS270.4gl
-rwxrwxr-x 1 safreviv safreviv  40014 jul  9  2014 RETS250.4gl
-rwxrwxr-x 1 safreviv safreviv  22916 jul 10  2014 RETW34.4gl
-rwxrwxr-x 1 safreviv safreviv  19785 jul 14  2014 RETW33.4gl
-rwxrwxr-x 1 safreviv safreviv   6270 jul 14  2014 RETP110.4gl
-rwxrwxr-x 1 safreviv safreviv  13254 jul 14  2014 RETC275.4gl
-rwxrwxr-x 1 safreviv safreviv  21051 jul 15  2014 RETW35.4gl
-rwxrwxr-x 1 safreviv safreviv  12091 jul 16  2014 RETM275_bak.4gl
-rwxrwxr-x 1 safreviv safreviv  91089 jul 22  2014 RETW30-20140722.4gl
-rwxrwxr-x 1 safreviv safreviv  13824 jul 23  2014 RETW36.4gl
-rwxr--r-- 1 rperez   safreviv  70284 jul 30  2014 RETW31-20150512.4gl
-rwxrwxr-x 1 safreviv safreviv   7937 ago 18  2014 RETL271.4gl
-rwxrwxr-x 1 safreviv safreviv   5001 ago 19  2014 RETT800.4gl
-rwxrwxr-x 1 safreviv safreviv  12055 ago 21  2014 RETM275.4gl
-rwxrwxr-x 1 safreviv safreviv  21436 ago 27  2014 RETC274.4gl
-rwxr--r-- 1 rperez   safreviv 175874 ago 29  2014 RETW32-20150512.4gl
-rwxrwxr-x 1 safreviv safreviv  58332 sep 11  2014 RETGE01.4gl
-rwxrwxr-x 1 safreviv safreviv  17743 sep 18  2014 RETS272.4gl
-rwxrwxr-x 1 safreviv safreviv  18371 sep 19  2014 RETL320.4gl
-rwxrwxr-x 1 safreviv safreviv  11198 sep 20  2014 RETE320.4gl
-rwxrwxr-x 1 safreviv safreviv  14871 sep 21  2014 RETL321.4gl
-rwxrwxr-x 1 safreviv safreviv   5367 sep 22  2014 RETP321.4gl
-rwxrwxr-x 1 safreviv safreviv   9400 sep 22  2014 RETC325.4gl
-rwxrwxr-x 1 safreviv safreviv   6434 sep 22  2014 RETP322.4gl
-rwxrwxr-x 1 safreviv safreviv   2168 sep 22  2014 RETL323.4gl
-rwxrwxr-x 1 safreviv safreviv   3920 sep 26  2014 RETS275.4gl
-rwxrwxr-x 1 safreviv safreviv   3070 oct  7  2014 RETR184.4gl
-rwxrwxr-x 1 safreviv safreviv   8483 oct  7  2014 RETL184.4gl
-rwxrwxr-x 1 safreviv safreviv   8332 oct  7  2014 RETL182.4gl
-rwxrwxr-x 1 safreviv safreviv   4069 oct  7  2014 RETR182.4gl
-rwxrwxr-x 1 safreviv safreviv    943 oct 13  2014 RETL324.4gl
-rwxrwxr-x 1 safreviv safreviv   9400 oct 13  2014 RETL322.4gl
-rwxrwxr-x 1 safreviv safreviv   6530 oct 16  2014 RETS276.4gl
-rwxrwxr-x 1 safreviv safreviv   7622 oct 16  2014 RETL250.4gl
-rwxrwxr-x 1 safreviv safreviv  16459 oct 29  2014 RET497.4gl
-rwxrwxr-x 1 safreviv safreviv  12755 oct 30  2014 RETS03.4gl
-rwxrwxr-x 1 safreviv safreviv   6852 nov 14  2014 RETL278.4gl
-rwxrwxr-x 1 safreviv safreviv   8697 nov 19  2014 RETL279.4gl
-rwxrwxr-x 1 safreviv safreviv   5981 nov 19  2014 RETS279.4gl
-rwxrwxr-x 1 safreviv safreviv  11692 nov 19  2014 RETC270_paso.4gl
-rwxrwxr-x 1 safreviv safreviv   6931 nov 26  2014 RETL280.4gl
-rwxrwxr-x 1 safreviv safreviv   4849 nov 26  2014 RETS280.4gl
-rwxrwxr-x 1 safreviv safreviv   2686 nov 27  2014 RETE170.4gl
-rwxrwxr-x 1 safreviv safreviv  20017 nov 27  2014 RETP271.4gl
-rwxrwxr-x 1 safreviv safreviv   9444 dic  1  2014 RETP326_27.4gl
-rwxrwxr-x 1 safreviv safreviv  18349 dic  1  2014 RETL325.4gl
-rwxrwxr-x 1 safreviv safreviv  13972 dic  1  2014 RETE325.4gl
-rwxrwxr-x 1 safreviv safreviv  14754 dic  1  2014 RETL326.4gl
-rwxrwxr-x 1 safreviv safreviv   7454 dic  2  2014 RETP326.4gl
-rwxrwxr-x 1 safreviv safreviv  16119 dic  8  2014 RETF310.4gl
-rwxrwxr-x 1 safreviv safreviv  13318 dic 16  2014 RETL100.4gl
-rwxrwxr-x 1 safreviv safreviv   4387 dic 16  2014 RETE100.4gl
-rwxrwxr-x 1 safreviv safreviv  28555 dic 17  2014 RETS110.4gl
-rwxrwxr-x 1 safreviv safreviv   7339 dic 22  2014 RETS277.4gl
-rwxrwxr-x 1 safreviv safreviv  69305 ene  6  2015 RETC270.4gl
-rwxrwxr-x 1 safreviv safreviv   4015 ene  6  2015 RETF026.4gl
-rwxrwxr-x 1 safreviv safreviv   4588 ene  7 10:20 RETR122.4gl
-rwxrwxr-x 1 safreviv safreviv   7944 ene  8 15:07 RETP11.4gl
-rwxrwxr-x 1 safreviv safreviv   7023 ene  9 14:17 RETP31.4gl
-rwxrwxr-x 1 safreviv safreviv   7607 ene  9 14:23 RETP171.4gl
-rwxrwxr-x 1 safreviv safreviv   7038 ene  9 14:41 RETP51.4gl
-rwxrwxr-x 1 safreviv safreviv  42364 ene 13 15:42 RETS185.4gl
-rwxrwxr-x 1 safreviv safreviv  36875 ene 13 15:45 RETS31.4gl
-rwxrwxr-x 1 safreviv safreviv  37659 ene 13 15:48 RETS21.4gl
-rwxrwxr-x 1 safreviv safreviv   8646 ene 19 11:40 RETL327R.4gl
-rwxrwxr-x 1 safreviv safreviv   8132 ene 19 12:45 RETL329.4gl
-rwxrwxr-x 1 safreviv safreviv   2789 ene 19 13:50 RETL327.4gl
-rwxrwxr-x 1 safreviv safreviv   6953 ene 19 14:06 RETP329.4gl
-rwxrwxr-x 1 safreviv safreviv   2127 ene 19 19:02 RETL330.4gl
-rwxrwxr-x 1 safreviv safreviv   6361 ene 19 19:16 RETP328.4gl
-rwxrwxr-x 1 safreviv safreviv  57124 ene 21 10:58 RETC173.4gl
-rwxrwxr-x 1 safreviv safreviv  14846 ene 21 15:33 RETL328.4gl
-rwxrwxr-x 1 safreviv safreviv   8701 ene 26 14:35 RETL277.4gl
-rwxrwxr-x 1 safreviv safreviv  20010 feb  4 11:10 RETC192_back.4gl
-rwxrwxr-x 1 safreviv safreviv  42737 feb  5 09:47 RETS11.4gl
-rwxrwxr-x 1 safreviv safreviv  26778 feb  9 16:25 RETC192.4gl
-rwxrwxr-x 1 safreviv safreviv  94089 feb 16 09:49 RETW30_20150208.4gl
-rwxrwxr-x 1 safreviv safreviv   2696 feb 17 10:43 RETE331.4gl
-rwxrwxr-x 1 safreviv safreviv   4121 feb 17 16:52 RETR143.4gl
-rwxrwxr-x 1 safreviv safreviv  15555 feb 18 10:58 RETL332.4gl
-rwxrwxr-x 1 safreviv safreviv  19643 feb 24 15:05 RETF07.4gl
-rwxrwxr-x 1 safreviv safreviv  16898 feb 24 15:05 RETC190.4gl
-rwxrwxr-x 1 safreviv safreviv   8065 feb 26 08:01 RETL334.4gl
-rwxrwxr-x 1 safreviv safreviv   3163 feb 26 08:09 RETR334.4gl
-rwxrwxr-x 1 safreviv safreviv   7703 feb 26 08:18 RETL335.4gl
-rwxrwxr-x 1 safreviv safreviv   3208 feb 26 08:22 RETR335.4gl
-rwxrwxr-x 1 safreviv safreviv   6290 feb 26 15:02 RETP332.4gl
-rwxrwxr-x 1 safreviv safreviv  94090 mar  3 09:35 RETW30-20150303.4gl
-rwxrwxr-x 1 safreviv safreviv  38340 mar  5 12:51 RETC53.4gl
-rwxrwxr-x 1 safreviv safreviv  42466 mar  5 15:50 RETC54.4gl
-rwxr--r-- 1 rperez   safreviv  94430 mar  6 17:29 RETW30-20150512.4gl
-rwxrwxr-x 1 safreviv safreviv  29766 mar 11 16:24 RETP100.4gl
-rwxrwxr-x 1 safreviv safreviv    942 mar 17 15:35 RETL337.4gl
-rwxrwxr-x 1 safreviv safreviv    929 mar 17 16:52 RETL336.4gl
-rwxrwxr-x 1 safreviv safreviv    939 mar 17 16:54 RETL338.4gl
-rwxrwxr-x 1 safreviv safreviv    944 mar 17 16:56 RETL339.4gl
-rwxrwxr-x 1 safreviv safreviv  18326 mar 19 18:24 RETL340.4gl
-rwxrwxr-x 1 safreviv safreviv  14819 mar 19 18:25 RETL343.4gl
-rwxrwxr-x 1 safreviv safreviv  18327 mar 19 18:25 RETL342.4gl
-rwxrwxr-x 1 safreviv safreviv  18342 mar 20 17:26 RETL348.4gl
-rwxrwxr-x 1 safreviv safreviv  14756 mar 20 18:10 RETL349.4gl
-rwxrwxr-x 1 safreviv safreviv  14817 mar 20 18:10 RETL341.4gl
-rwxrwxr-x 1 safreviv safreviv   5542 mar 20 18:23 RETP341.4gl
-rwxrwxr-x 1 ichavez  safre     14809 mar 23 15:38 RETL353.4gl
-rwxrwxr-x 1 ichavez  safre     18326 mar 23 15:38 RETL352.4gl
-rwxrwxr-x 1 ichavez  safre     14826 mar 23 15:38 RETL355.4gl
-rwxrwxr-x 1 ichavez  safre     18348 mar 23 15:38 RETL354.4gl
-rwxrwxr-x 1 ichavez  safre     14830 mar 23 15:44 RETL345.4gl
-rwxrwxr-x 1 ichavez  safre     18323 mar 23 15:44 RETL344.4gl
-rwxrwxr-x 1 ichavez  safre     14815 mar 23 15:53 RETL347.4gl
-rwxrwxr-x 1 ichavez  safre     18331 mar 23 15:53 RETL346.4gl
-rwxrwxr-x 1 ichavez  safre     14820 mar 23 16:10 RETL351.4gl
-rwxrwxr-x 1 ichavez  safre     18327 mar 23 16:10 RETL350.4gl
-rwxrwxr-x 1 ichavez  safre      5546 mar 23 17:15 RETP345.4gl
-rwxrwxr-x 1 safreviv safreviv   5544 mar 23 17:17 RETP349.4gl
-rwxrwxr-x 1 ichavez  safre      5551 mar 23 17:19 RETP353.4gl
-rwxrwxr-x 1 safreviv safreviv   5545 mar 23 18:15 RETP343.4gl
-rwxrwxr-x 1 ichavez  safre      5547 mar 23 18:18 RETP347.4gl
-rwxrwxr-x 1 ichavez  safre      5553 mar 23 18:19 RETP355.4gl
-rwxrwxr-x 1 ichavez  safre      5553 mar 23 18:19 RETP351.4gl
-rwxrwxr-x 1 rperez   safreviv    945 abr  7 15:16 RETL356.4gl
-rwxrwxr-x 1 safreviv safreviv   9065 abr  9 14:30 RETE342.4gl
-rwxrwxr-x 1 ichavez  safre      9410 abr  9 14:30 RETE344.4gl
-rwxrwxr-x 1 ichavez  safre      9081 abr  9 14:31 RETE346.4gl
-rwxrwxr-x 1 ichavez  safre      9400 abr  9 14:31 RETE352.4gl
-rwxrwxr-x 1 ichavez  safre      9087 abr  9 14:31 RETE354.4gl
-rwxrwxr-x 1 ichavez  safre      9383 abr  9 14:32 RETE348.4gl
-rwxrwxr-x 1 safreviv safreviv   9450 abr  9 14:40 RETE340.4gl
-rwxrwxr-x 1 ichavez  safre      9076 abr  9 14:41 RETE350.4gl
-rwxrwxr-- 1 rperez   safreviv   2633 abr 10 17:11 RETL357.4gl
-rwxrwxr-- 1 rperez   safreviv   8092 abr 10 18:50 RETL359.4gl
-rwxrwxr-- 1 rperez   safreviv   6588 abr 10 19:02 RETP359.4gl
-rwxrwxr-- 1 rperez   safreviv   2093 abr 10 19:11 RETL360.4gl
-rwxrwxr-- 1 rperez   safreviv  14364 abr 14 18:49 RETL358.4gl
-rwxrwxr-- 1 rperez   safreviv  13649 abr 15 15:57 RETS358.4gl
-rwxrwxr-- 1 rperez   safreviv    915 abr 20 11:18 RETL361.4gl
-rwxrwxr-- 1 rperez   safreviv    917 abr 20 18:03 RETL362.4gl
-rwxrwxr-- 1 rperez   safreviv    919 abr 20 18:05 RETL363.4gl
-rwxrwxr-- 1 rperez   safreviv    915 abr 20 18:05 RETL364.4gl
-rwxrwxr-- 1 rperez   safreviv    917 abr 20 18:06 RETL365.4gl
-rwxrwxr-- 1 rperez   safreviv    911 abr 20 18:07 RETL368.4gl
-rwxrwxr-- 1 rperez   safreviv    913 abr 20 18:07 RETL369.4gl
-rwxrwxr-- 1 rperez   safreviv    917 abr 20 18:08 RETL366.4gl
-rwxrwxr-- 1 rperez   safreviv    919 abr 20 18:09 RETL367.4gl
-rwxrwxr-x 1 safreviv safreviv   6014 may  8 10:45 RETP130.4gl
-rwxr--r-- 1 rperez   safreviv   5754 may 15 10:51 RETP371.4gl
-rwxrwxr-- 1 rperez   safreviv  18351 may 15 17:15 RETL370.4gl
-rwxrwxr-x 1 safreviv safreviv   9724 may 25 18:00 RETS278.4gl
-rwxrwxr-x 1 safreviv safreviv 183813 may 27 14:16 RETF02.4gl
-rwxrwxr-x 1 safreviv safreviv  42693 may 27 14:19 RETC14.4gl
-rwxrwxr-x 1 safreviv safreviv  43040 may 27 14:20 RETC34.4gl
-rwxrwxr-x 1 safreviv safreviv  43145 may 27 14:20 RETC174.4gl
-rwxrwxr-x 1 safreviv safreviv  11966 may 27 16:48 RETS01.4gl
-rwxrwxr-x 1 safreviv safreviv  95274 jun  2 08:17 RETF473.4gl
-rwxrwxr-x 1 safreviv safreviv  88393 jun  2 12:52 RETM276.4gl
-rwxrwxr-x 1 safreviv safreviv  74817 jun  3 16:47 RETW31.4gl
-rwxrwxr-x 1 safreviv safreviv   9826 jun  5 10:35 RETG04.4gl
-rwxrwxr-- 1 rperez   safreviv  21351 jun  9 11:51 RETC372.4gl
-rwxrwxr-- 1 rperez   safreviv   7029 jun  9 16:39 RETP358.4gl
-rwxr--r-- 1 rperez   safreviv  84256 jun 11 10:16 RETW42-20150611.4gl
-rwxrwxr-- 1 rperez   safreviv  14305 jun 16 09:33 RETL371.4gl
-rwxrwxr-x 1 safreviv safreviv  71013 jun 16 16:55 RETW42.4gl
-rwxrwxr-- 1 rperez   safreviv  11189 jun 17 14:32 RETE370.4gl
-rwxrwxr-x 1 safreviv safreviv  60825 jun 18 11:31 RETW40.4gl
-rwxrwxr-x 1 safreviv safreviv  65983 jun 29 14:26 RETC13.4gl
-rwxrwxr-x 1 safreviv safreviv  52357 jun 29 16:25 RETC33.4gl
-rwxrwxr-x 1 safreviv safreviv 181215 jul  2 18:59 RETW32.4gl
-rwxrwxr-x 1 safreviv safreviv  88218 jul  3 09:59 RETX30.4gl
-rwxrwxr-x 1 safreviv safreviv  47194 jul  3 11:17 RETC130.4gl
-rwxrwxr-x 1 safreviv safreviv  30808 jul  6 10:52 RETG01.4gl
-rwxrwxr-x 1 safreviv safreviv 100259 jul  6 15:14 RETW30.4gl
-rwxrwxr-x 1 safreviv safreviv  31507 jul  7 16:01 RETC333.4gl
